\BOOKMARK [0][-]{chapter.1}{\376\377\0001\000\040\000C\000l\000a\000s\000s\000\040\000I\000n\000d\000e\000x}{}% 1
\BOOKMARK [1][-]{section.1.1}{\376\377\0001\000.\0001\000\040\000C\000l\000a\000s\000s\000\040\000L\000i\000s\000t}{chapter.1}% 2
\BOOKMARK [0][-]{chapter.2}{\376\377\0002\000\040\000F\000i\000l\000e\000\040\000I\000n\000d\000e\000x}{}% 3
\BOOKMARK [1][-]{section.2.1}{\376\377\0002\000.\0001\000\040\000F\000i\000l\000e\000\040\000L\000i\000s\000t}{chapter.2}% 4
\BOOKMARK [0][-]{chapter.3}{\376\377\0003\000\040\000C\000l\000a\000s\000s\000\040\000D\000o\000c\000u\000m\000e\000n\000t\000a\000t\000i\000o\000n}{}% 5
\BOOKMARK [1][-]{section.3.1}{\376\377\0003\000.\0001\000\040\000D\000r\000z\000e\000w\000o\000\040\000S\000t\000r\000u\000c\000t\000\040\000R\000e\000f\000e\000r\000e\000n\000c\000e}{chapter.3}% 6
\BOOKMARK [2][-]{subsection.3.1.1}{\376\377\0003\000.\0001\000.\0001\000\040\000D\000e\000t\000a\000i\000l\000e\000d\000\040\000D\000e\000s\000c\000r\000i\000p\000t\000i\000o\000n}{section.3.1}% 7
\BOOKMARK [2][-]{subsection.3.1.2}{\376\377\0003\000.\0001\000.\0002\000\040\000M\000e\000m\000b\000e\000r\000\040\000D\000a\000t\000a\000\040\000D\000o\000c\000u\000m\000e\000n\000t\000a\000t\000i\000o\000n}{section.3.1}% 8
\BOOKMARK [3][-]{subsubsection.3.1.2.1}{\376\377\0003\000.\0001\000.\0002\000.\0001\000\040\000c\000u\000r\000r\000e\000n\000t\000\137\000d\000i\000s\000t}{subsection.3.1.2}% 9
\BOOKMARK [3][-]{subsubsection.3.1.2.2}{\376\377\0003\000.\0001\000.\0002\000.\0002\000\040\000M\000i\000a\000s\000t\000o}{subsection.3.1.2}% 10
\BOOKMARK [3][-]{subsubsection.3.1.2.3}{\376\377\0003\000.\0001\000.\0002\000.\0003\000\040\000p\000L\000e\000w\000y}{subsection.3.1.2}% 11
\BOOKMARK [3][-]{subsubsection.3.1.2.4}{\376\377\0003\000.\0001\000.\0002\000.\0004\000\040\000p\000O\000d\000l\000e\000g\000l\000o\000s\000c\000i}{subsection.3.1.2}% 12
\BOOKMARK [3][-]{subsubsection.3.1.2.5}{\376\377\0003\000.\0001\000.\0002\000.\0005\000\040\000p\000o\000p\000r\000z\000e\000d\000n\000i\000k\000\137\000w\000\137\000n\000a\000j\000k\000r\000o\000t\000s\000z\000e\000j\000\137\000t\000r\000a\000s\000i\000e}{subsection.3.1.2}% 13
\BOOKMARK [3][-]{subsubsection.3.1.2.6}{\376\377\0003\000.\0001\000.\0002\000.\0006\000\040\000p\000P\000r\000a\000w\000y}{subsection.3.1.2}% 14
\BOOKMARK [1][-]{section.3.2}{\376\377\0003\000.\0002\000\040\000O\000d\000l\000e\000g\000l\000o\000s\000c\000\040\000S\000t\000r\000u\000c\000t\000\040\000R\000e\000f\000e\000r\000e\000n\000c\000e}{chapter.3}% 15
\BOOKMARK [2][-]{subsection.3.2.1}{\376\377\0003\000.\0002\000.\0001\000\040\000D\000e\000t\000a\000i\000l\000e\000d\000\040\000D\000e\000s\000c\000r\000i\000p\000t\000i\000o\000n}{section.3.2}% 16
\BOOKMARK [2][-]{subsection.3.2.2}{\376\377\0003\000.\0002\000.\0002\000\040\000M\000e\000m\000b\000e\000r\000\040\000D\000a\000t\000a\000\040\000D\000o\000c\000u\000m\000e\000n\000t\000a\000t\000i\000o\000n}{section.3.2}% 17
\BOOKMARK [3][-]{subsubsection.3.2.2.1}{\376\377\0003\000.\0002\000.\0002\000.\0001\000\040\000k\000i\000l\000o\000m\000e\000t\000r\000y}{subsection.3.2.2}% 18
\BOOKMARK [3][-]{subsubsection.3.2.2.2}{\376\377\0003\000.\0002\000.\0002\000.\0002\000\040\000p\000N\000a\000s\000t\000e\000p\000n\000y}{subsection.3.2.2}% 19
\BOOKMARK [3][-]{subsubsection.3.2.2.3}{\376\377\0003\000.\0002\000.\0002\000.\0003\000\040\000P\000o\000l\000a\000c\000z\000e\000n\000i\000e}{subsection.3.2.2}% 20
\BOOKMARK [1][-]{section.3.3}{\376\377\0003\000.\0003\000\040\000P\000a\000r\000a\000m\000e\000t\000r\000y\000\040\000S\000t\000r\000u\000c\000t\000\040\000R\000e\000f\000e\000r\000e\000n\000c\000e}{chapter.3}% 21
\BOOKMARK [2][-]{subsection.3.3.1}{\376\377\0003\000.\0003\000.\0001\000\040\000D\000e\000t\000a\000i\000l\000e\000d\000\040\000D\000e\000s\000c\000r\000i\000p\000t\000i\000o\000n}{section.3.3}% 22
\BOOKMARK [2][-]{subsection.3.3.2}{\376\377\0003\000.\0003\000.\0002\000\040\000M\000e\000m\000b\000e\000r\000\040\000D\000a\000t\000a\000\040\000D\000o\000c\000u\000m\000e\000n\000t\000a\000t\000i\000o\000n}{section.3.3}% 23
\BOOKMARK [3][-]{subsubsection.3.3.2.1}{\376\377\0003\000.\0003\000.\0002\000.\0001\000\040\000p\000l\000i\000k\000w\000e\000j\000s\000c\000i\000o\000w\000y}{subsection.3.3.2}% 24
\BOOKMARK [3][-]{subsubsection.3.3.2.2}{\376\377\0003\000.\0003\000.\0002\000.\0002\000\040\000p\000l\000i\000k\000w\000y\000j\000s\000c\000i\000o\000w\000y}{subsection.3.3.2}% 25
\BOOKMARK [3][-]{subsubsection.3.3.2.3}{\376\377\0003\000.\0003\000.\0002\000.\0003\000\040\000s\000i\000e\000d\000z\000i\000b\000a}{subsection.3.3.2}% 26
\BOOKMARK [1][-]{section.3.4}{\376\377\0003\000.\0004\000\040\000P\000o\000r\000o\000w\000n\000a\000j\000D\000r\000z\000e\000w\000a\000\040\000S\000t\000r\000u\000c\000t\000\040\000R\000e\000f\000e\000r\000e\000n\000c\000e}{chapter.3}% 27
\BOOKMARK [2][-]{subsection.3.4.1}{\376\377\0003\000.\0004\000.\0001\000\040\000D\000e\000t\000a\000i\000l\000e\000d\000\040\000D\000e\000s\000c\000r\000i\000p\000t\000i\000o\000n}{section.3.4}% 28
\BOOKMARK [2][-]{subsection.3.4.2}{\376\377\0003\000.\0004\000.\0002\000\040\000M\000e\000m\000b\000e\000r\000\040\000F\000u\000n\000c\000t\000i\000o\000n\000\040\000D\000o\000c\000u\000m\000e\000n\000t\000a\000t\000i\000o\000n}{section.3.4}% 29
\BOOKMARK [3][-]{subsubsection.3.4.2.1}{\376\377\0003\000.\0004\000.\0002\000.\0001\000\040\000o\000p\000e\000r\000a\000t\000o\000r\000\050\000\051\000\050\000\051}{subsection.3.4.2}% 30
\BOOKMARK [1][-]{section.3.5}{\376\377\0003\000.\0005\000\040\000T\000r\000a\000s\000a\000\040\000S\000t\000r\000u\000c\000t\000\040\000R\000e\000f\000e\000r\000e\000n\000c\000e}{chapter.3}% 31
\BOOKMARK [2][-]{subsection.3.5.1}{\376\377\0003\000.\0005\000.\0001\000\040\000D\000e\000t\000a\000i\000l\000e\000d\000\040\000D\000e\000s\000c\000r\000i\000p\000t\000i\000o\000n}{section.3.5}% 32
\BOOKMARK [2][-]{subsection.3.5.2}{\376\377\0003\000.\0005\000.\0002\000\040\000M\000e\000m\000b\000e\000r\000\040\000D\000a\000t\000a\000\040\000D\000o\000c\000u\000m\000e\000n\000t\000a\000t\000i\000o\000n}{section.3.5}% 33
\BOOKMARK [3][-]{subsubsection.3.5.2.1}{\376\377\0003\000.\0005\000.\0002\000.\0001\000\040\000M\000i\000a\000s\000t\000o}{subsection.3.5.2}% 34
\BOOKMARK [3][-]{subsubsection.3.5.2.2}{\376\377\0003\000.\0005\000.\0002\000.\0002\000\040\000N\000a\000s\000t\000e\000p\000n\000y}{subsection.3.5.2}% 35
\BOOKMARK [0][-]{chapter.4}{\376\377\0004\000\040\000F\000i\000l\000e\000\040\000D\000o\000c\000u\000m\000e\000n\000t\000a\000t\000i\000o\000n}{}% 36
\BOOKMARK [1][-]{section.4.1}{\376\377\0004\000.\0001\000\040\000f\000u\000n\000k\000c\000j\000e\000.\000c\000p\000p\000\040\000F\000i\000l\000e\000\040\000R\000e\000f\000e\000r\000e\000n\000c\000e}{chapter.4}% 37
\BOOKMARK [2][-]{subsection.4.1.1}{\376\377\0004\000.\0001\000.\0001\000\040\000F\000u\000n\000c\000t\000i\000o\000n\000\040\000D\000o\000c\000u\000m\000e\000n\000t\000a\000t\000i\000o\000n}{section.4.1}% 38
\BOOKMARK [3][-]{subsubsection.4.1.1.1}{\376\377\0004\000.\0001\000.\0001\000.\0001\000\040\000A\000l\000g\000o\000r\000y\000t\000m\000D\000i\000j\000k\000s\000t\000r\000y\000\050\000\051}{subsection.4.1.1}% 39
\BOOKMARK [3][-]{subsubsection.4.1.1.2}{\376\377\0004\000.\0001\000.\0001\000.\0002\000\040\000D\000o\000d\000a\000j\000d\000o\000D\000r\000z\000e\000w\000a\000\050\000\051}{subsection.4.1.1}% 40
\BOOKMARK [3][-]{subsubsection.4.1.1.3}{\376\377\0004\000.\0001\000.\0001\000.\0003\000\040\000D\000o\000d\000a\000w\000a\000n\000i\000e\000D\000o\000L\000i\000s\000t\000y\000\050\000\051}{subsection.4.1.1}% 41
\BOOKMARK [3][-]{subsubsection.4.1.1.4}{\376\377\0004\000.\0001\000.\0001\000.\0004\000\040\000o\000d\000c\000z\000y\000t\000a\000j\000P\000a\000r\000a\000m\000e\000t\000r\000y\000\050\000\051}{subsection.4.1.1}% 42
\BOOKMARK [3][-]{subsubsection.4.1.1.5}{\376\377\0004\000.\0001\000.\0001\000.\0005\000\040\000U\000s\000u\000n\000\050\000\051}{subsection.4.1.1}% 43
\BOOKMARK [3][-]{subsubsection.4.1.1.6}{\376\377\0004\000.\0001\000.\0001\000.\0006\000\040\000U\000s\000u\000n\000L\000i\000s\000t\000y\000\050\000\051}{subsection.4.1.1}% 44
\BOOKMARK [3][-]{subsubsection.4.1.1.7}{\376\377\0004\000.\0001\000.\0001\000.\0007\000\040\000U\000s\000u\000n\000S\000t\000r\000u\000k\000t\000u\000r\000e\000T\000r\000a\000s\000y\000\050\000\051}{subsection.4.1.1}% 45
\BOOKMARK [3][-]{subsubsection.4.1.1.8}{\376\377\0004\000.\0001\000.\0001\000.\0008\000\040\000W\000c\000z\000y\000t\000a\000j\000D\000a\000n\000e\000\050\000\051}{subsection.4.1.1}% 46
\BOOKMARK [3][-]{subsubsection.4.1.1.9}{\376\377\0004\000.\0001\000.\0001\000.\0009\000\040\000Z\000a\000p\000i\000s\000y\000w\000a\000n\000i\000e\000F\000a\000k\000t\000y\000c\000z\000n\000e\000\050\000\051}{subsection.4.1.1}% 47
\BOOKMARK [3][-]{subsubsection.4.1.1.10}{\376\377\0004\000.\0001\000.\0001\000.\0001\0000\000\040\000Z\000a\000p\000i\000s\000y\000w\000a\000n\000i\000e\000T\000r\000a\000s\000\050\000\051}{subsection.4.1.1}% 48
\BOOKMARK [3][-]{subsubsection.4.1.1.11}{\376\377\0004\000.\0001\000.\0001\000.\0001\0001\000\040\000Z\000a\000p\000i\000s\000z\000\050\000\051}{subsection.4.1.1}% 49
\BOOKMARK [3][-]{subsubsection.4.1.1.12}{\376\377\0004\000.\0001\000.\0001\000.\0001\0002\000\040\000Z\000a\000p\000i\000s\000z\000d\000o\000P\000l\000i\000k\000u\000\050\000\051}{subsection.4.1.1}% 50
\BOOKMARK [1][-]{section.4.2}{\376\377\0004\000.\0002\000\040\000f\000u\000n\000k\000c\000j\000e\000.\000h\000\040\000F\000i\000l\000e\000\040\000R\000e\000f\000e\000r\000e\000n\000c\000e}{chapter.4}% 51
\BOOKMARK [2][-]{subsection.4.2.1}{\376\377\0004\000.\0002\000.\0001\000\040\000T\000y\000p\000e\000d\000e\000f\000\040\000D\000o\000c\000u\000m\000e\000n\000t\000a\000t\000i\000o\000n}{section.4.2}% 52
\BOOKMARK [3][-]{subsubsection.4.2.1.1}{\376\377\0004\000.\0002\000.\0001\000.\0001\000\040\000M}{subsection.4.2.1}% 53
\BOOKMARK [3][-]{subsubsection.4.2.1.2}{\376\377\0004\000.\0002\000.\0001\000.\0002\000\040\000T}{subsection.4.2.1}% 54
\BOOKMARK [2][-]{subsection.4.2.2}{\376\377\0004\000.\0002\000.\0002\000\040\000F\000u\000n\000c\000t\000i\000o\000n\000\040\000D\000o\000c\000u\000m\000e\000n\000t\000a\000t\000i\000o\000n}{section.4.2}% 55
\BOOKMARK [3][-]{subsubsection.4.2.2.1}{\376\377\0004\000.\0002\000.\0002\000.\0001\000\040\000A\000l\000g\000o\000r\000y\000t\000m\000D\000i\000j\000k\000s\000t\000r\000y\000\050\000\051}{subsection.4.2.2}% 56
\BOOKMARK [3][-]{subsubsection.4.2.2.2}{\376\377\0004\000.\0002\000.\0002\000.\0002\000\040\000D\000o\000d\000a\000j\000d\000o\000D\000r\000z\000e\000w\000a\000\050\000\051}{subsection.4.2.2}% 57
\BOOKMARK [3][-]{subsubsection.4.2.2.3}{\376\377\0004\000.\0002\000.\0002\000.\0003\000\040\000D\000o\000d\000a\000w\000a\000n\000i\000e\000D\000o\000L\000i\000s\000t\000y\000\050\000\051}{subsection.4.2.2}% 58
\BOOKMARK [3][-]{subsubsection.4.2.2.4}{\376\377\0004\000.\0002\000.\0002\000.\0004\000\040\000o\000d\000c\000z\000y\000t\000a\000j\000P\000a\000r\000a\000m\000e\000t\000r\000y\000\050\000\051}{subsection.4.2.2}% 59
\BOOKMARK [3][-]{subsubsection.4.2.2.5}{\376\377\0004\000.\0002\000.\0002\000.\0005\000\040\000U\000s\000u\000n\000\050\000\051}{subsection.4.2.2}% 60
\BOOKMARK [3][-]{subsubsection.4.2.2.6}{\376\377\0004\000.\0002\000.\0002\000.\0006\000\040\000U\000s\000u\000n\000L\000i\000s\000t\000y\000\050\000\051}{subsection.4.2.2}% 61
\BOOKMARK [3][-]{subsubsection.4.2.2.7}{\376\377\0004\000.\0002\000.\0002\000.\0007\000\040\000U\000s\000u\000n\000S\000t\000r\000u\000k\000t\000u\000r\000e\000T\000r\000a\000s\000y\000\050\000\051}{subsection.4.2.2}% 62
\BOOKMARK [3][-]{subsubsection.4.2.2.8}{\376\377\0004\000.\0002\000.\0002\000.\0008\000\040\000W\000c\000z\000y\000t\000a\000j\000D\000a\000n\000e\000\050\000\051}{subsection.4.2.2}% 63
\BOOKMARK [3][-]{subsubsection.4.2.2.9}{\376\377\0004\000.\0002\000.\0002\000.\0009\000\040\000Z\000a\000p\000i\000s\000y\000w\000a\000n\000i\000e\000F\000a\000k\000t\000y\000c\000z\000n\000e\000\050\000\051}{subsection.4.2.2}% 64
\BOOKMARK [3][-]{subsubsection.4.2.2.10}{\376\377\0004\000.\0002\000.\0002\000.\0001\0000\000\040\000Z\000a\000p\000i\000s\000y\000w\000a\000n\000i\000e\000T\000r\000a\000s\000\050\000\051}{subsection.4.2.2}% 65
\BOOKMARK [3][-]{subsubsection.4.2.2.11}{\376\377\0004\000.\0002\000.\0002\000.\0001\0001\000\040\000Z\000a\000p\000i\000s\000z\000\050\000\051}{subsection.4.2.2}% 66
\BOOKMARK [3][-]{subsubsection.4.2.2.12}{\376\377\0004\000.\0002\000.\0002\000.\0001\0002\000\040\000Z\000a\000p\000i\000s\000z\000d\000o\000P\000l\000i\000k\000u\000\050\000\051}{subsection.4.2.2}% 67
\BOOKMARK [2][-]{subsection.4.2.3}{\376\377\0004\000.\0002\000.\0003\000\040\000V\000a\000r\000i\000a\000b\000l\000e\000\040\000D\000o\000c\000u\000m\000e\000n\000t\000a\000t\000i\000o\000n}{section.4.2}% 68
\BOOKMARK [3][-]{subsubsection.4.2.3.1}{\376\377\0004\000.\0002\000.\0003\000.\0001\000\040\000M\000A\000X\000I\000N\000T}{subsection.4.2.3}% 69
\BOOKMARK [1][-]{section.4.3}{\376\377\0004\000.\0003\000\040\000m\000a\000i\000n\000.\000c\000p\000p\000\040\000F\000i\000l\000e\000\040\000R\000e\000f\000e\000r\000e\000n\000c\000e}{chapter.4}% 70
\BOOKMARK [2][-]{subsection.4.3.1}{\376\377\0004\000.\0003\000.\0001\000\040\000F\000u\000n\000c\000t\000i\000o\000n\000\040\000D\000o\000c\000u\000m\000e\000n\000t\000a\000t\000i\000o\000n}{section.4.3}% 71
\BOOKMARK [3][-]{subsubsection.4.3.1.1}{\376\377\0004\000.\0003\000.\0001\000.\0001\000\040\000m\000a\000i\000n\000\050\000\051}{subsection.4.3.1}% 72
\BOOKMARK [1][-]{section.4.4}{\376\377\0004\000.\0004\000\040\000m\000e\000m\000-\000l\000e\000a\000k\000-\000c\000o\000n\000f\000i\000g\000.\000h\000\040\000F\000i\000l\000e\000\040\000R\000e\000f\000e\000r\000e\000n\000c\000e}{chapter.4}% 73
\BOOKMARK [2][-]{subsection.4.4.1}{\376\377\0004\000.\0004\000.\0001\000\040\000M\000a\000c\000r\000o\000\040\000D\000e\000f\000i\000n\000i\000t\000i\000o\000n\000\040\000D\000o\000c\000u\000m\000e\000n\000t\000a\000t\000i\000o\000n}{section.4.4}% 74
\BOOKMARK [3][-]{subsubsection.4.4.1.1}{\376\377\0004\000.\0004\000.\0001\000.\0001\000\040\000T\000U\000R\000N\000\137\000O\000N\000\137\000M\000E\000M\000\137\000L\000E\000A\000K\000\137\000D\000E\000T\000E\000C\000T\000I\000O\000N}{subsection.4.4.1}% 75
\BOOKMARK [1][-]{section.4.5}{\376\377\0004\000.\0005\000\040\000m\000e\000m\000-\000l\000e\000a\000k\000-\000d\000e\000t\000e\000c\000t\000.\000c\000p\000p\000\040\000F\000i\000l\000e\000\040\000R\000e\000f\000e\000r\000e\000n\000c\000e}{chapter.4}% 76
\BOOKMARK [2][-]{subsection.4.5.1}{\376\377\0004\000.\0005\000.\0001\000\040\000F\000u\000n\000c\000t\000i\000o\000n\000\040\000D\000o\000c\000u\000m\000e\000n\000t\000a\000t\000i\000o\000n}{section.4.5}% 77
\BOOKMARK [3][-]{subsubsection.4.5.1.1}{\376\377\0004\000.\0005\000.\0001\000.\0001\000\040\000c\000a\000l\000l\000o\000c\000\050\000\051}{subsection.4.5.1}% 78
\BOOKMARK [3][-]{subsubsection.4.5.1.2}{\376\377\0004\000.\0005\000.\0001\000.\0002\000\040\000f\000r\000e\000e\000\050\000\051}{subsection.4.5.1}% 79
\BOOKMARK [3][-]{subsubsection.4.5.1.3}{\376\377\0004\000.\0005\000.\0001\000.\0003\000\040\000m\000a\000l\000l\000o\000c\000\050\000\051}{subsection.4.5.1}% 80
\BOOKMARK [3][-]{subsubsection.4.5.1.4}{\376\377\0004\000.\0005\000.\0001\000.\0004\000\040\000o\000p\000e\000r\000a\000t\000o\000r\000\040\000d\000e\000l\000e\000t\000e\000\050\000\051}{subsection.4.5.1}% 81
\BOOKMARK [3][-]{subsubsection.4.5.1.5}{\376\377\0004\000.\0005\000.\0001\000.\0005\000\040\000o\000p\000e\000r\000a\000t\000o\000r\000\040\000d\000e\000l\000e\000t\000e\000[\000]\000\050\000\051}{subsection.4.5.1}% 82
\BOOKMARK [3][-]{subsubsection.4.5.1.6}{\376\377\0004\000.\0005\000.\0001\000.\0006\000\040\000o\000p\000e\000r\000a\000t\000o\000r\000\040\000n\000e\000w\000\050\000\051\000\040\000[\0001\000/\0002\000]}{subsection.4.5.1}% 83
\BOOKMARK [3][-]{subsubsection.4.5.1.7}{\376\377\0004\000.\0005\000.\0001\000.\0007\000\040\000o\000p\000e\000r\000a\000t\000o\000r\000\040\000n\000e\000w\000\050\000\051\000\040\000[\0002\000/\0002\000]}{subsection.4.5.1}% 84
\BOOKMARK [3][-]{subsubsection.4.5.1.8}{\376\377\0004\000.\0005\000.\0001\000.\0008\000\040\000o\000p\000e\000r\000a\000t\000o\000r\000\040\000n\000e\000w\000[\000]\000\050\000\051\000\040\000[\0001\000/\0002\000]}{subsection.4.5.1}% 85
\BOOKMARK [3][-]{subsubsection.4.5.1.9}{\376\377\0004\000.\0005\000.\0001\000.\0009\000\040\000o\000p\000e\000r\000a\000t\000o\000r\000\040\000n\000e\000w\000[\000]\000\050\000\051\000\040\000[\0002\000/\0002\000]}{subsection.4.5.1}% 86
\BOOKMARK [3][-]{subsubsection.4.5.1.10}{\376\377\0004\000.\0005\000.\0001\000.\0001\0000\000\040\000r\000e\000a\000l\000l\000o\000c\000\050\000\051}{subsection.4.5.1}% 87
\BOOKMARK [1][-]{section.4.6}{\376\377\0004\000.\0006\000\040\000m\000e\000m\000-\000l\000e\000a\000k\000-\000d\000e\000t\000e\000c\000t\000.\000h\000\040\000F\000i\000l\000e\000\040\000R\000e\000f\000e\000r\000e\000n\000c\000e}{chapter.4}% 88
\BOOKMARK [2][-]{subsection.4.6.1}{\376\377\0004\000.\0006\000.\0001\000\040\000M\000a\000c\000r\000o\000\040\000D\000e\000f\000i\000n\000i\000t\000i\000o\000n\000\040\000D\000o\000c\000u\000m\000e\000n\000t\000a\000t\000i\000o\000n}{section.4.6}% 89
\BOOKMARK [3][-]{subsubsection.4.6.1.1}{\376\377\0004\000.\0006\000.\0001\000.\0001\000\040\000c\000a\000l\000l\000o\000c}{subsection.4.6.1}% 90
\BOOKMARK [3][-]{subsubsection.4.6.1.2}{\376\377\0004\000.\0006\000.\0001\000.\0002\000\040\000D\000E\000B\000U\000G\000\137\000N\000E\000W}{subsection.4.6.1}% 91
\BOOKMARK [3][-]{subsubsection.4.6.1.3}{\376\377\0004\000.\0006\000.\0001\000.\0003\000\040\000f\000r\000e\000e}{subsection.4.6.1}% 92
\BOOKMARK [3][-]{subsubsection.4.6.1.4}{\376\377\0004\000.\0006\000.\0001\000.\0004\000\040\000m\000a\000l\000l\000o\000c}{subsection.4.6.1}% 93
\BOOKMARK [3][-]{subsubsection.4.6.1.5}{\376\377\0004\000.\0006\000.\0001\000.\0005\000\040\000n\000e\000w}{subsection.4.6.1}% 94
\BOOKMARK [3][-]{subsubsection.4.6.1.6}{\376\377\0004\000.\0006\000.\0001\000.\0006\000\040\000r\000e\000a\000l\000l\000o\000c}{subsection.4.6.1}% 95
\BOOKMARK [2][-]{subsection.4.6.2}{\376\377\0004\000.\0006\000.\0002\000\040\000F\000u\000n\000c\000t\000i\000o\000n\000\040\000D\000o\000c\000u\000m\000e\000n\000t\000a\000t\000i\000o\000n}{section.4.6}% 96
\BOOKMARK [3][-]{subsubsection.4.6.2.1}{\376\377\0004\000.\0006\000.\0002\000.\0001\000\040\000c\000a\000l\000l\000o\000c\000\050\000\051}{subsection.4.6.2}% 97
\BOOKMARK [3][-]{subsubsection.4.6.2.2}{\376\377\0004\000.\0006\000.\0002\000.\0002\000\040\000f\000r\000e\000e\000\050\000\051}{subsection.4.6.2}% 98
\BOOKMARK [3][-]{subsubsection.4.6.2.3}{\376\377\0004\000.\0006\000.\0002\000.\0003\000\040\000m\000a\000l\000l\000o\000c\000\050\000\051}{subsection.4.6.2}% 99
\BOOKMARK [3][-]{subsubsection.4.6.2.4}{\376\377\0004\000.\0006\000.\0002\000.\0004\000\040\000o\000p\000e\000r\000a\000t\000o\000r\000\040\000d\000e\000l\000e\000t\000e\000\050\000\051}{subsection.4.6.2}% 100
\BOOKMARK [3][-]{subsubsection.4.6.2.5}{\376\377\0004\000.\0006\000.\0002\000.\0005\000\040\000o\000p\000e\000r\000a\000t\000o\000r\000\040\000d\000e\000l\000e\000t\000e\000[\000]\000\050\000\051}{subsection.4.6.2}% 101
\BOOKMARK [3][-]{subsubsection.4.6.2.6}{\376\377\0004\000.\0006\000.\0002\000.\0006\000\040\000o\000p\000e\000r\000a\000t\000o\000r\000\040\000n\000e\000w\000\050\000\051}{subsection.4.6.2}% 102
\BOOKMARK [3][-]{subsubsection.4.6.2.7}{\376\377\0004\000.\0006\000.\0002\000.\0007\000\040\000o\000p\000e\000r\000a\000t\000o\000r\000\040\000n\000e\000w\000[\000]\000\050\000\051}{subsection.4.6.2}% 103
\BOOKMARK [3][-]{subsubsection.4.6.2.8}{\376\377\0004\000.\0006\000.\0002\000.\0008\000\040\000r\000e\000a\000l\000l\000o\000c\000\050\000\051}{subsection.4.6.2}% 104
\BOOKMARK [0][-]{section*.16}{\376\377\000I\000n\000d\000e\000x}{}% 105
